<?xml version="1.0" encoding="UTF-8"?>
<!-- Generated by org.testng.reporters.JUnitReportReporter -->
<testsuite hostname="abcs-MacBook-Pro.local" failures="0" tests="2" name="testcase.NinjaRMM_LoginTest" time="5.001" errors="0" timestamp="2025-03-30T11:11:51 PDT" skipped="0">
  <testcase classname="testcase.NinjaRMM_LoginTest" name="LoginPageElementsTest" time="0.649">
    <system-out>
      <![CDATA[LoginPageElementsTest Started...]]>
    </system-out>
  </testcase> <!-- LoginPageElementsTest -->
  <testcase classname="testcase.NinjaRMM_LoginTest" name="LoginTest" time="4.352"/>
  <system-out>
    <![CDATA[LoginPageElementsTest Started...]]>
  </system-out>
</testsuite> <!-- testcase.NinjaRMM_LoginTest -->
